2022-04-27 17:58:56,016 INFO  StartupInfoLogger:55 - [] Starting BookingApplication using Java 17.0.1 on LAPTOP-0CQQRST8 with PID 2084 (C:\Users\Hp\Desktop\Online Railway Reservation System CaseStudy\Backend\Booking\target\classes started by Hp in C:\Users\Hp\Desktop\Online Railway Reservation System CaseStudy\Backend\Booking)
2022-04-27 17:58:56,017 INFO  SpringApplication:640 - [] No active profile set, falling back to 1 default profile: "default"
2022-04-27 17:58:56,121 INFO  RepositoryConfigurationDelegate:132 - [] Bootstrapping Spring Data MongoDB repositories in DEFAULT mode.
2022-04-27 17:58:56,125 INFO  RepositoryConfigurationDelegate:201 - [] Finished Spring Data repository scanning in 3 ms. Found 1 MongoDB repository interfaces.
2022-04-27 17:58:56,160 INFO  GenericScope:283 - [] BeanFactory id=8b8d1477-d63f-37da-8d48-cb5e4db022a0
2022-04-27 17:58:56,187 INFO  TomcatWebServer:108 - [] Tomcat initialized with port(s): 8086 (http)
2022-04-27 17:58:56,188 INFO  DirectJDKLog:173 - [] Starting service [Tomcat]
2022-04-27 17:58:56,188 INFO  DirectJDKLog:173 - [] Starting Servlet engine: [Apache Tomcat/9.0.62]
2022-04-27 17:58:56,207 INFO  DirectJDKLog:173 - [] Initializing Spring embedded WebApplicationContext
2022-04-27 17:58:56,207 INFO  ServletWebServerApplicationContext:290 - [] Root WebApplicationContext: initialization completed in 188 ms
2022-04-27 17:58:56,302 INFO  SLF4JLogger:71 - [] Cluster created with settings {hosts=[127.0.0.1:27017], srvHost=cluster0.kb9lz.mongodb.net, mode=MULTIPLE, requiredClusterType=REPLICA_SET, serverSelectionTimeout='30000 ms', requiredReplicaSetName='atlas-h6wh7f-shard-0'}
2022-04-27 17:58:56,381 INFO  SLF4JLogger:71 - [] Adding discovered server cluster0-shard-00-02.kb9lz.mongodb.net:27017 to client view of cluster
2022-04-27 17:58:56,381 INFO  SLF4JLogger:71 - [] Adding discovered server cluster0-shard-00-00.kb9lz.mongodb.net:27017 to client view of cluster
2022-04-27 17:58:56,382 INFO  SLF4JLogger:71 - [] Adding discovered server cluster0-shard-00-01.kb9lz.mongodb.net:27017 to client view of cluster
2022-04-27 17:58:56,397 WARN  CustomConversions:261 - [] Registering converter from class java.time.LocalDateTime to class org.joda.time.LocalDateTime as reading converter although it doesn't convert from a store-supported type! You might want to check your annotation setup at the converter implementation.
2022-04-27 17:58:56,407 WARN  OptionalLiveReloadServer:61 - [] Unable to start LiveReload server
2022-04-27 17:58:56,415 WARN  CustomConversions:261 - [] Registering converter from class java.time.LocalDateTime to class org.joda.time.LocalDateTime as reading converter although it doesn't convert from a store-supported type! You might want to check your annotation setup at the converter implementation.
2022-04-27 17:58:56,551 INFO  SLF4JLogger:71 - [] Opened connection [connectionId{localValue:40, serverValue:16667}] to cluster0-shard-00-00.kb9lz.mongodb.net:27017
2022-04-27 17:58:56,551 INFO  SLF4JLogger:71 - [] Monitor thread successfully connected to server with description ServerDescription{address=cluster0-shard-00-00.kb9lz.mongodb.net:27017, type=REPLICA_SET_SECONDARY, state=CONNECTED, ok=true, minWireVersion=0, maxWireVersion=13, maxDocumentSize=16777216, logicalSessionTimeoutMinutes=30, roundTripTimeNanos=62951100, setName='atlas-h6wh7f-shard-0', canonicalAddress=cluster0-shard-00-00.kb9lz.mongodb.net:27017, hosts=[cluster0-shard-00-00.kb9lz.mongodb.net:27017, cluster0-shard-00-02.kb9lz.mongodb.net:27017, cluster0-shard-00-01.kb9lz.mongodb.net:27017], passives=[], arbiters=[], primary='cluster0-shard-00-01.kb9lz.mongodb.net:27017', tagSet=TagSet{[Tag{name='nodeType', value='ELECTABLE'}, Tag{name='provider', value='AWS'}, Tag{name='region', value='AP_SOUTH_1'}, Tag{name='workloadType', value='OPERATIONAL'}]}, electionId=null, setVersion=4, topologyVersion=TopologyVersion{processId=6268969112d51b706fc9b523, counter=4}, lastWriteDate=Wed Apr 27 17:58:58 IST 2022, lastUpdateTimeNanos=615205243172100}
2022-04-27 17:58:56,568 INFO  SLF4JLogger:71 - [] Opened connection [connectionId{localValue:41, serverValue:16667}] to cluster0-shard-00-00.kb9lz.mongodb.net:27017
2022-04-27 17:58:56,590 INFO  SLF4JLogger:71 - [] Opened connection [connectionId{localValue:39, serverValue:16256}] to cluster0-shard-00-02.kb9lz.mongodb.net:27017
2022-04-27 17:58:56,595 INFO  SLF4JLogger:71 - [] Opened connection [connectionId{localValue:38, serverValue:16256}] to cluster0-shard-00-02.kb9lz.mongodb.net:27017
2022-04-27 17:58:56,595 INFO  SLF4JLogger:71 - [] Monitor thread successfully connected to server with description ServerDescription{address=cluster0-shard-00-02.kb9lz.mongodb.net:27017, type=REPLICA_SET_SECONDARY, state=CONNECTED, ok=true, minWireVersion=0, maxWireVersion=13, maxDocumentSize=16777216, logicalSessionTimeoutMinutes=30, roundTripTimeNanos=82549200, setName='atlas-h6wh7f-shard-0', canonicalAddress=cluster0-shard-00-02.kb9lz.mongodb.net:27017, hosts=[cluster0-shard-00-00.kb9lz.mongodb.net:27017, cluster0-shard-00-02.kb9lz.mongodb.net:27017, cluster0-shard-00-01.kb9lz.mongodb.net:27017], passives=[], arbiters=[], primary='cluster0-shard-00-01.kb9lz.mongodb.net:27017', tagSet=TagSet{[Tag{name='nodeType', value='ELECTABLE'}, Tag{name='provider', value='AWS'}, Tag{name='region', value='AP_SOUTH_1'}, Tag{name='workloadType', value='OPERATIONAL'}]}, electionId=null, setVersion=4, topologyVersion=TopologyVersion{processId=626898eb37001bb97227e2ad, counter=3}, lastWriteDate=Wed Apr 27 17:58:58 IST 2022, lastUpdateTimeNanos=615205286545200}
2022-04-27 17:58:56,608 INFO  SLF4JLogger:71 - [] Opened connection [connectionId{localValue:42, serverValue:17209}] to cluster0-shard-00-01.kb9lz.mongodb.net:27017
2022-04-27 17:58:56,609 INFO  SLF4JLogger:71 - [] Monitor thread successfully connected to server with description ServerDescription{address=cluster0-shard-00-01.kb9lz.mongodb.net:27017, type=REPLICA_SET_PRIMARY, state=CONNECTED, ok=true, minWireVersion=0, maxWireVersion=13, maxDocumentSize=16777216, logicalSessionTimeoutMinutes=30, roundTripTimeNanos=70710300, setName='atlas-h6wh7f-shard-0', canonicalAddress=cluster0-shard-00-01.kb9lz.mongodb.net:27017, hosts=[cluster0-shard-00-00.kb9lz.mongodb.net:27017, cluster0-shard-00-02.kb9lz.mongodb.net:27017, cluster0-shard-00-01.kb9lz.mongodb.net:27017], passives=[], arbiters=[], primary='cluster0-shard-00-01.kb9lz.mongodb.net:27017', tagSet=TagSet{[Tag{name='nodeType', value='ELECTABLE'}, Tag{name='provider', value='AWS'}, Tag{name='region', value='AP_SOUTH_1'}, Tag{name='workloadType', value='OPERATIONAL'}]}, electionId=7fffffff000000000000013a, setVersion=4, topologyVersion=TopologyVersion{processId=626897d85cb6ce2f77f2267a, counter=6}, lastWriteDate=Wed Apr 27 17:58:58 IST 2022, lastUpdateTimeNanos=615205300525700}
2022-04-27 17:58:56,609 INFO  SLF4JLogger:71 - [] Setting max election id to 7fffffff000000000000013a from replica set primary cluster0-shard-00-01.kb9lz.mongodb.net:27017
2022-04-27 17:58:56,609 INFO  SLF4JLogger:71 - [] Setting max set version to 4 from replica set primary cluster0-shard-00-01.kb9lz.mongodb.net:27017
2022-04-27 17:58:56,609 INFO  SLF4JLogger:71 - [] Discovered replica set primary cluster0-shard-00-01.kb9lz.mongodb.net:27017
2022-04-27 17:58:56,616 INFO  SLF4JLogger:71 - [] Opened connection [connectionId{localValue:43, serverValue:17209}] to cluster0-shard-00-01.kb9lz.mongodb.net:27017
2022-04-27 17:58:56,728 INFO  DiscoveryClientOptionalArgsConfiguration:68 - [] Eureka HTTP Client uses RestTemplate.
2022-04-27 17:58:56,780 WARN  LoadBalancerCacheAutoConfiguration$LoadBalancerCaffeineWarnLogger:82 - [] Spring Cloud LoadBalancer is currently working with the default cache. While this cache implementation is useful for development and tests, it's recommended to use Caffeine cache in production.You can switch to using Caffeine cache, by adding it and org.springframework.cache.caffeine.CaffeineCacheManager to the classpath.
2022-04-27 17:58:56,789 INFO  InstanceInfoFactory:67 - [] Setting initial instance status as: STARTING
2022-04-27 17:58:56,808 INFO  DiscoveryClient:372 - [] Initializing Eureka in region us-east-1
2022-04-27 17:58:56,808 INFO  ConfigClusterResolver:43 - [] Resolving eureka endpoints via configuration
2022-04-27 17:58:56,818 INFO  DiscoveryClient:1007 - [] Disable delta property : false
2022-04-27 17:58:56,818 INFO  DiscoveryClient:1008 - [] Single vip registry refresh property : null
2022-04-27 17:58:56,818 INFO  DiscoveryClient:1009 - [] Force full registry fetch : false
2022-04-27 17:58:56,818 INFO  DiscoveryClient:1010 - [] Application is null : false
2022-04-27 17:58:56,818 INFO  DiscoveryClient:1011 - [] Registered Applications size is zero : true
2022-04-27 17:58:56,818 INFO  DiscoveryClient:1013 - [] Application version is -1: true
2022-04-27 17:58:56,818 INFO  DiscoveryClient:1097 - [] Getting all instance registry info from the eureka server
2022-04-27 17:58:56,829 INFO  DiscoveryClient:1106 - [] The response status is 200
2022-04-27 17:58:56,833 INFO  DiscoveryClient:1321 - [] Starting heartbeat executor: renew interval is: 30
2022-04-27 17:58:56,838 INFO  InstanceInfoReplicator:60 - [] InstanceInfoReplicator onDemand update allowed rate per min is 4
2022-04-27 17:58:56,848 INFO  DiscoveryClient:492 - [] Discovery Client initialized at timestamp 1651062536848 with initial instances count: 5
2022-04-27 17:58:56,849 INFO  EurekaServiceRegistry:41 - [] Registering application BOOKINGDETAILS with eureka with status UP
2022-04-27 17:58:56,850 INFO  DiscoveryClient$3:1352 - [] Saw local status change event StatusChangeEvent [timestamp=1651062536850, current=UP, previous=STARTING]
2022-04-27 17:58:56,850 INFO  DiscoveryClient:873 - [] DiscoveryClient_BOOKINGDETAILS/LAPTOP-0CQQRST8:BookingDetails:8086: registering service...
2022-04-27 17:58:56,852 INFO  TomcatWebServer:220 - [] Tomcat started on port(s): 8086 (http) with context path ''
2022-04-27 17:58:56,852 INFO  EurekaAutoServiceRegistration:144 - [] Updating port to 8086
2022-04-27 17:58:56,857 INFO  DiscoveryClient:882 - [] DiscoveryClient_BOOKINGDETAILS/LAPTOP-0CQQRST8:BookingDetails:8086 - registration status: 204
2022-04-27 17:58:56,901 INFO  StartupInfoLogger:61 - [] Started BookingApplication in 0.954 seconds (JVM running for 682.387)
2022-04-27 17:58:56,902 INFO  ConditionEvaluationDeltaLoggingListener:63 - [] Condition evaluation unchanged
2022-04-27 18:03:56,834 INFO  ConfigClusterResolver:43 - [] Resolving eureka endpoints via configuration
2022-04-27 18:08:56,841 INFO  ConfigClusterResolver:43 - [] Resolving eureka endpoints via configuration
2022-04-27 18:10:41,680 INFO  SpringApplicationAdminMXBeanRegistrar$SpringApplicationAdmin:159 - [] Application shutdown requested.
2022-04-27 18:10:41,682 INFO  EurekaServiceRegistry:62 - [] Unregistering application BOOKINGDETAILS with eureka with status DOWN
2022-04-27 18:10:41,682 INFO  DiscoveryClient$3:1352 - [] Saw local status change event StatusChangeEvent [timestamp=1651063241682, current=DOWN, previous=UP]
2022-04-27 18:10:41,682 INFO  DiscoveryClient:873 - [] DiscoveryClient_BOOKINGDETAILS/LAPTOP-0CQQRST8:BookingDetails:8086: registering service...
2022-04-27 18:10:41,687 INFO  RedirectingEurekaHttpClient:93 - [] Request execution error. endpoint=DefaultEndpoint{ serviceUrl='http://localhost:8761/eureka/} exception=I/O error on POST request for "http://localhost:8761/eureka/apps/BOOKINGDETAILS": Connect to localhost:8761 [localhost/127.0.0.1, localhost/0:0:0:0:0:0:0:1] failed: Connection refused: connect; nested exception is org.apache.http.conn.HttpHostConnectException: Connect to localhost:8761 [localhost/127.0.0.1, localhost/0:0:0:0:0:0:0:1] failed: Connection refused: connect stacktrace=org.springframework.web.client.ResourceAccessException: I/O error on POST request for "http://localhost:8761/eureka/apps/BOOKINGDETAILS": Connect to localhost:8761 [localhost/127.0.0.1, localhost/0:0:0:0:0:0:0:1] failed: Connection refused: connect; nested exception is org.apache.http.conn.HttpHostConnectException: Connect to localhost:8761 [localhost/127.0.0.1, localhost/0:0:0:0:0:0:0:1] failed: Connection refused: connect
	at org.springframework.web.client.RestTemplate.doExecute(RestTemplate.java:785)
	at org.springframework.web.client.RestTemplate.execute(RestTemplate.java:711)
	at org.springframework.web.client.RestTemplate.exchange(RestTemplate.java:602)
	at org.springframework.cloud.netflix.eureka.http.RestTemplateEurekaHttpClient.register(RestTemplateEurekaHttpClient.java:77)
	at com.netflix.discovery.shared.transport.decorator.EurekaHttpClientDecorator$1.execute(EurekaHttpClientDecorator.java:59)
	at com.netflix.discovery.shared.transport.decorator.RedirectingEurekaHttpClient.execute(RedirectingEurekaHttpClient.java:91)
	at com.netflix.discovery.shared.transport.decorator.EurekaHttpClientDecorator.register(EurekaHttpClientDecorator.java:56)
	at com.netflix.discovery.shared.transport.decorator.EurekaHttpClientDecorator$1.execute(EurekaHttpClientDecorator.java:59)
	at com.netflix.discovery.shared.transport.decorator.RetryableEurekaHttpClient.execute(RetryableEurekaHttpClient.java:120)
	at com.netflix.discovery.shared.transport.decorator.EurekaHttpClientDecorator.register(EurekaHttpClientDecorator.java:56)
	at com.netflix.discovery.shared.transport.decorator.EurekaHttpClientDecorator$1.execute(EurekaHttpClientDecorator.java:59)
	at com.netflix.discovery.shared.transport.decorator.SessionedEurekaHttpClient.execute(SessionedEurekaHttpClient.java:77)
	at com.netflix.discovery.shared.transport.decorator.EurekaHttpClientDecorator.register(EurekaHttpClientDecorator.java:56)
	at com.netflix.discovery.DiscoveryClient.register(DiscoveryClient.java:876)
	at com.netflix.discovery.InstanceInfoReplicator.run(InstanceInfoReplicator.java:121)
	at com.netflix.discovery.InstanceInfoReplicator$1.run(InstanceInfoReplicator.java:101)
	at java.base/java.util.concurrent.Executors$RunnableAdapter.call(Executors.java:539)
	at java.base/java.util.concurrent.FutureTask.run(FutureTask.java:264)
	at java.base/java.util.concurrent.ScheduledThreadPoolExecutor$ScheduledFutureTask.run(ScheduledThreadPoolExecutor.java:304)
	at java.base/java.util.concurrent.ThreadPoolExecutor.runWorker(ThreadPoolExecutor.java:1136)
	at java.base/java.util.concurrent.ThreadPoolExecutor$Worker.run(ThreadPoolExecutor.java:635)
	at java.base/java.lang.Thread.run(Thread.java:833)
Caused by: org.apache.http.conn.HttpHostConnectException: Connect to localhost:8761 [localhost/127.0.0.1, localhost/0:0:0:0:0:0:0:1] failed: Connection refused: connect
	at org.apache.http.impl.conn.DefaultHttpClientConnectionOperator.connect(DefaultHttpClientConnectionOperator.java:156)
	at org.apache.http.impl.conn.PoolingHttpClientConnectionManager.connect(PoolingHttpClientConnectionManager.java:376)
	at org.apache.http.impl.execchain.MainClientExec.establishRoute(MainClientExec.java:393)
	at org.apache.http.impl.execchain.MainClientExec.execute(MainClientExec.java:236)
	at org.apache.http.impl.execchain.ProtocolExec.execute(ProtocolExec.java:186)
	at org.apache.http.impl.execchain.RetryExec.execute(RetryExec.java:89)
	at org.apache.http.impl.execchain.RedirectExec.execute(RedirectExec.java:110)
	at org.apache.http.impl.client.InternalHttpClient.doExecute(InternalHttpClient.java:185)
	at org.apache.http.impl.client.CloseableHttpClient.execute(CloseableHttpClient.java:83)
	at org.apache.http.impl.client.CloseableHttpClient.execute(CloseableHttpClient.java:56)
	at org.springframework.http.client.HttpComponentsClientHttpRequest.executeInternal(HttpComponentsClientHttpRequest.java:87)
	at org.springframework.http.client.AbstractBufferingClientHttpRequest.executeInternal(AbstractBufferingClientHttpRequest.java:48)
	at org.springframework.http.client.AbstractClientHttpRequest.execute(AbstractClientHttpRequest.java:66)
	at org.springframework.web.client.RestTemplate.doExecute(RestTemplate.java:776)
	... 21 more
Caused by: java.net.ConnectException: Connection refused: connect
	at java.base/sun.nio.ch.Net.connect0(Native Method)
	at java.base/sun.nio.ch.Net.connect(Net.java:579)
	at java.base/sun.nio.ch.Net.connect(Net.java:568)
	at java.base/sun.nio.ch.NioSocketImpl.connect(NioSocketImpl.java:588)
	at java.base/java.net.SocksSocketImpl.connect(SocksSocketImpl.java:327)
	at java.base/java.net.Socket.connect(Socket.java:633)
	at org.apache.http.conn.socket.PlainConnectionSocketFactory.connectSocket(PlainConnectionSocketFactory.java:75)
	at org.apache.http.impl.conn.DefaultHttpClientConnectionOperator.connect(DefaultHttpClientConnectionOperator.java:142)
	... 34 more

2022-04-27 18:10:41,688 WARN  RetryableEurekaHttpClient:130 - [] Request execution failed with message: I/O error on POST request for "http://localhost:8761/eureka/apps/BOOKINGDETAILS": Connect to localhost:8761 [localhost/127.0.0.1, localhost/0:0:0:0:0:0:0:1] failed: Connection refused: connect; nested exception is org.apache.http.conn.HttpHostConnectException: Connect to localhost:8761 [localhost/127.0.0.1, localhost/0:0:0:0:0:0:0:1] failed: Connection refused: connect
2022-04-27 18:10:41,695 INFO  RedirectingEurekaHttpClient:84 - [] Request execution error. endpoint=DefaultEndpoint{ serviceUrl='http://localhost:8761/eureka/}, exception=I/O error on POST request for "http://localhost:8761/eureka/apps/BOOKINGDETAILS": Connect to localhost:8761 [localhost/127.0.0.1, localhost/0:0:0:0:0:0:0:1] failed: Connection refused: connect; nested exception is org.apache.http.conn.HttpHostConnectException: Connect to localhost:8761 [localhost/127.0.0.1, localhost/0:0:0:0:0:0:0:1] failed: Connection refused: connect stacktrace=org.springframework.web.client.ResourceAccessException: I/O error on POST request for "http://localhost:8761/eureka/apps/BOOKINGDETAILS": Connect to localhost:8761 [localhost/127.0.0.1, localhost/0:0:0:0:0:0:0:1] failed: Connection refused: connect; nested exception is org.apache.http.conn.HttpHostConnectException: Connect to localhost:8761 [localhost/127.0.0.1, localhost/0:0:0:0:0:0:0:1] failed: Connection refused: connect
	at org.springframework.web.client.RestTemplate.doExecute(RestTemplate.java:785)
	at org.springframework.web.client.RestTemplate.execute(RestTemplate.java:711)
	at org.springframework.web.client.RestTemplate.exchange(RestTemplate.java:602)
	at org.springframework.cloud.netflix.eureka.http.RestTemplateEurekaHttpClient.register(RestTemplateEurekaHttpClient.java:77)
	at com.netflix.discovery.shared.transport.decorator.EurekaHttpClientDecorator$1.execute(EurekaHttpClientDecorator.java:59)
	at com.netflix.discovery.shared.transport.decorator.RedirectingEurekaHttpClient.executeOnNewServer(RedirectingEurekaHttpClient.java:121)
	at com.netflix.discovery.shared.transport.decorator.RedirectingEurekaHttpClient.execute(RedirectingEurekaHttpClient.java:80)
	at com.netflix.discovery.shared.transport.decorator.EurekaHttpClientDecorator.register(EurekaHttpClientDecorator.java:56)
	at com.netflix.discovery.shared.transport.decorator.EurekaHttpClientDecorator$1.execute(EurekaHttpClientDecorator.java:59)
	at com.netflix.discovery.shared.transport.decorator.RetryableEurekaHttpClient.execute(RetryableEurekaHttpClient.java:120)
	at com.netflix.discovery.shared.transport.decorator.EurekaHttpClientDecorator.register(EurekaHttpClientDecorator.java:56)
	at com.netflix.discovery.shared.transport.decorator.EurekaHttpClientDecorator$1.execute(EurekaHttpClientDecorator.java:59)
	at com.netflix.discovery.shared.transport.decorator.SessionedEurekaHttpClient.execute(SessionedEurekaHttpClient.java:77)
	at com.netflix.discovery.shared.transport.decorator.EurekaHttpClientDecorator.register(EurekaHttpClientDecorator.java:56)
	at com.netflix.discovery.DiscoveryClient.register(DiscoveryClient.java:876)
	at com.netflix.discovery.InstanceInfoReplicator.run(InstanceInfoReplicator.java:121)
	at com.netflix.discovery.InstanceInfoReplicator$1.run(InstanceInfoReplicator.java:101)
	at java.base/java.util.concurrent.Executors$RunnableAdapter.call(Executors.java:539)
	at java.base/java.util.concurrent.FutureTask.run(FutureTask.java:264)
	at java.base/java.util.concurrent.ScheduledThreadPoolExecutor$ScheduledFutureTask.run(ScheduledThreadPoolExecutor.java:304)
	at java.base/java.util.concurrent.ThreadPoolExecutor.runWorker(ThreadPoolExecutor.java:1136)
	at java.base/java.util.concurrent.ThreadPoolExecutor$Worker.run(ThreadPoolExecutor.java:635)
	at java.base/java.lang.Thread.run(Thread.java:833)
Caused by: org.apache.http.conn.HttpHostConnectException: Connect to localhost:8761 [localhost/127.0.0.1, localhost/0:0:0:0:0:0:0:1] failed: Connection refused: connect
	at org.apache.http.impl.conn.DefaultHttpClientConnectionOperator.connect(DefaultHttpClientConnectionOperator.java:156)
	at org.apache.http.impl.conn.PoolingHttpClientConnectionManager.connect(PoolingHttpClientConnectionManager.java:376)
	at org.apache.http.impl.execchain.MainClientExec.establishRoute(MainClientExec.java:393)
	at org.apache.http.impl.execchain.MainClientExec.execute(MainClientExec.java:236)
	at org.apache.http.impl.execchain.ProtocolExec.execute(ProtocolExec.java:186)
	at org.apache.http.impl.execchain.RetryExec.execute(RetryExec.java:89)
	at org.apache.http.impl.execchain.RedirectExec.execute(RedirectExec.java:110)
	at org.apache.http.impl.client.InternalHttpClient.doExecute(InternalHttpClient.java:185)
	at org.apache.http.impl.client.CloseableHttpClient.execute(CloseableHttpClient.java:83)
	at org.apache.http.impl.client.CloseableHttpClient.execute(CloseableHttpClient.java:56)
	at org.springframework.http.client.HttpComponentsClientHttpRequest.executeInternal(HttpComponentsClientHttpRequest.java:87)
	at org.springframework.http.client.AbstractBufferingClientHttpRequest.executeInternal(AbstractBufferingClientHttpRequest.java:48)
	at org.springframework.http.client.AbstractClientHttpRequest.execute(AbstractClientHttpRequest.java:66)
	at org.springframework.web.client.RestTemplate.doExecute(RestTemplate.java:776)
	... 22 more
Caused by: java.net.ConnectException: Connection refused: connect
	at java.base/sun.nio.ch.Net.connect0(Native Method)
	at java.base/sun.nio.ch.Net.connect(Net.java:579)
	at java.base/sun.nio.ch.Net.connect(Net.java:568)
	at java.base/sun.nio.ch.NioSocketImpl.connect(NioSocketImpl.java:588)
	at java.base/java.net.SocksSocketImpl.connect(SocksSocketImpl.java:327)
	at java.base/java.net.Socket.connect(Socket.java:633)
	at org.apache.http.conn.socket.PlainConnectionSocketFactory.connectSocket(PlainConnectionSocketFactory.java:75)
	at org.apache.http.impl.conn.DefaultHttpClientConnectionOperator.connect(DefaultHttpClientConnectionOperator.java:142)
	... 35 more

2022-04-27 18:10:41,695 WARN  RetryableEurekaHttpClient:130 - [] Request execution failed with message: I/O error on POST request for "http://localhost:8761/eureka/apps/BOOKINGDETAILS": Connect to localhost:8761 [localhost/127.0.0.1, localhost/0:0:0:0:0:0:0:1] failed: Connection refused: connect; nested exception is org.apache.http.conn.HttpHostConnectException: Connect to localhost:8761 [localhost/127.0.0.1, localhost/0:0:0:0:0:0:0:1] failed: Connection refused: connect
2022-04-27 18:10:41,696 WARN  DiscoveryClient:878 - [] DiscoveryClient_BOOKINGDETAILS/LAPTOP-0CQQRST8:BookingDetails:8086 - registration failed Cannot execute request on any known server
com.netflix.discovery.shared.transport.TransportException: Cannot execute request on any known server
	at com.netflix.discovery.shared.transport.decorator.RetryableEurekaHttpClient.execute(RetryableEurekaHttpClient.java:112) ~[eureka-client-1.10.17.jar:1.10.17]
	at com.netflix.discovery.shared.transport.decorator.EurekaHttpClientDecorator.register(EurekaHttpClientDecorator.java:56) ~[eureka-client-1.10.17.jar:1.10.17]
	at com.netflix.discovery.shared.transport.decorator.EurekaHttpClientDecorator$1.execute(EurekaHttpClientDecorator.java:59) ~[eureka-client-1.10.17.jar:1.10.17]
	at com.netflix.discovery.shared.transport.decorator.SessionedEurekaHttpClient.execute(SessionedEurekaHttpClient.java:77) ~[eureka-client-1.10.17.jar:1.10.17]
	at com.netflix.discovery.shared.transport.decorator.EurekaHttpClientDecorator.register(EurekaHttpClientDecorator.java:56) ~[eureka-client-1.10.17.jar:1.10.17]
	at com.netflix.discovery.DiscoveryClient.register(DiscoveryClient.java:876) ~[eureka-client-1.10.17.jar:1.10.17]
	at com.netflix.discovery.InstanceInfoReplicator.run(InstanceInfoReplicator.java:121) ~[eureka-client-1.10.17.jar:1.10.17]
	at com.netflix.discovery.InstanceInfoReplicator$1.run(InstanceInfoReplicator.java:101) ~[eureka-client-1.10.17.jar:1.10.17]
	at java.base/java.util.concurrent.Executors$RunnableAdapter.call(Executors.java:539) ~[na:na]
	at java.base/java.util.concurrent.FutureTask.run(FutureTask.java:264) ~[na:na]
	at java.base/java.util.concurrent.ScheduledThreadPoolExecutor$ScheduledFutureTask.run(ScheduledThreadPoolExecutor.java:304) ~[na:na]
	at java.base/java.util.concurrent.ThreadPoolExecutor.runWorker(ThreadPoolExecutor.java:1136) ~[na:na]
	at java.base/java.util.concurrent.ThreadPoolExecutor$Worker.run(ThreadPoolExecutor.java:635) ~[na:na]
	at java.base/java.lang.Thread.run(Thread.java:833) ~[na:na]
2022-04-27 18:10:41,697 WARN  InstanceInfoReplicator:125 - [] There was a problem with the instance info replicator
com.netflix.discovery.shared.transport.TransportException: Cannot execute request on any known server
	at com.netflix.discovery.shared.transport.decorator.RetryableEurekaHttpClient.execute(RetryableEurekaHttpClient.java:112) ~[eureka-client-1.10.17.jar:1.10.17]
	at com.netflix.discovery.shared.transport.decorator.EurekaHttpClientDecorator.register(EurekaHttpClientDecorator.java:56) ~[eureka-client-1.10.17.jar:1.10.17]
	at com.netflix.discovery.shared.transport.decorator.EurekaHttpClientDecorator$1.execute(EurekaHttpClientDecorator.java:59) ~[eureka-client-1.10.17.jar:1.10.17]
	at com.netflix.discovery.shared.transport.decorator.SessionedEurekaHttpClient.execute(SessionedEurekaHttpClient.java:77) ~[eureka-client-1.10.17.jar:1.10.17]
	at com.netflix.discovery.shared.transport.decorator.EurekaHttpClientDecorator.register(EurekaHttpClientDecorator.java:56) ~[eureka-client-1.10.17.jar:1.10.17]
	at com.netflix.discovery.DiscoveryClient.register(DiscoveryClient.java:876) ~[eureka-client-1.10.17.jar:1.10.17]
	at com.netflix.discovery.InstanceInfoReplicator.run(InstanceInfoReplicator.java:121) ~[eureka-client-1.10.17.jar:1.10.17]
	at com.netflix.discovery.InstanceInfoReplicator$1.run(InstanceInfoReplicator.java:101) ~[eureka-client-1.10.17.jar:1.10.17]
	at java.base/java.util.concurrent.Executors$RunnableAdapter.call(Executors.java:539) ~[na:na]
	at java.base/java.util.concurrent.FutureTask.run(FutureTask.java:264) ~[na:na]
	at java.base/java.util.concurrent.ScheduledThreadPoolExecutor$ScheduledFutureTask.run(ScheduledThreadPoolExecutor.java:304) ~[na:na]
	at java.base/java.util.concurrent.ThreadPoolExecutor.runWorker(ThreadPoolExecutor.java:1136) ~[na:na]
	at java.base/java.util.concurrent.ThreadPoolExecutor$Worker.run(ThreadPoolExecutor.java:635) ~[na:na]
	at java.base/java.lang.Thread.run(Thread.java:833) ~[na:na]
2022-04-27 18:10:41,771 INFO  DiscoveryClient:935 - [] Shutting down DiscoveryClient ...
2022-04-27 18:30:56,951 INFO  StartupInfoLogger:55 - [] Starting BookingApplication using Java 17.0.1 on LAPTOP-0CQQRST8 with PID 15636 (C:\Users\Hp\Desktop\Online Railway Reservation System CaseStudy\Backend\Booking\target\classes started by Hp in C:\Users\Hp\Desktop\Online Railway Reservation System CaseStudy\Backend\Booking)
2022-04-27 18:30:56,952 INFO  SpringApplication:640 - [] No active profile set, falling back to 1 default profile: "default"
2022-04-27 18:30:56,989 INFO  DeferredLog:255 - [] Devtools property defaults active! Set 'spring.devtools.add-properties' to 'false' to disable
2022-04-27 18:30:56,990 INFO  DeferredLog:255 - [] For additional web related logging consider setting the 'logging.level.web' property to 'DEBUG'
2022-04-27 18:30:57,498 INFO  RepositoryConfigurationDelegate:132 - [] Bootstrapping Spring Data MongoDB repositories in DEFAULT mode.
2022-04-27 18:30:57,598 INFO  RepositoryConfigurationDelegate:201 - [] Finished Spring Data repository scanning in 95 ms. Found 1 MongoDB repository interfaces.
2022-04-27 18:30:57,788 INFO  GenericScope:283 - [] BeanFactory id=8b8d1477-d63f-37da-8d48-cb5e4db022a0
2022-04-27 18:30:58,224 INFO  TomcatWebServer:108 - [] Tomcat initialized with port(s): 8086 (http)
2022-04-27 18:30:58,230 INFO  DirectJDKLog:173 - [] Starting service [Tomcat]
2022-04-27 18:30:58,231 INFO  DirectJDKLog:173 - [] Starting Servlet engine: [Apache Tomcat/9.0.62]
2022-04-27 18:30:58,299 INFO  DirectJDKLog:173 - [] Initializing Spring embedded WebApplicationContext
2022-04-27 18:30:58,299 INFO  ServletWebServerApplicationContext:290 - [] Root WebApplicationContext: initialization completed in 1309 ms
2022-04-27 18:30:58,430 INFO  SLF4JLogger:71 - [] Cluster created with settings {hosts=[127.0.0.1:27017], srvHost=cluster0.kb9lz.mongodb.net, mode=MULTIPLE, requiredClusterType=REPLICA_SET, serverSelectionTimeout='30000 ms', requiredReplicaSetName='atlas-h6wh7f-shard-0'}
2022-04-27 18:30:58,540 INFO  SLF4JLogger:71 - [] Adding discovered server cluster0-shard-00-02.kb9lz.mongodb.net:27017 to client view of cluster
2022-04-27 18:30:58,566 WARN  CustomConversions:261 - [] Registering converter from class java.time.LocalDateTime to class org.joda.time.LocalDateTime as reading converter although it doesn't convert from a store-supported type! You might want to check your annotation setup at the converter implementation.
2022-04-27 18:30:58,576 INFO  SLF4JLogger:71 - [] Adding discovered server cluster0-shard-00-00.kb9lz.mongodb.net:27017 to client view of cluster
2022-04-27 18:30:58,577 INFO  SLF4JLogger:71 - [] Adding discovered server cluster0-shard-00-01.kb9lz.mongodb.net:27017 to client view of cluster
2022-04-27 18:30:58,650 WARN  OptionalLiveReloadServer:61 - [] Unable to start LiveReload server
2022-04-27 18:30:58,707 WARN  CustomConversions:261 - [] Registering converter from class java.time.LocalDateTime to class org.joda.time.LocalDateTime as reading converter although it doesn't convert from a store-supported type! You might want to check your annotation setup at the converter implementation.
2022-04-27 18:30:58,870 INFO  SLF4JLogger:71 - [] Opened connection [connectionId{localValue:1, serverValue:17007}] to cluster0-shard-00-02.kb9lz.mongodb.net:27017
2022-04-27 18:30:58,871 INFO  SLF4JLogger:71 - [] Opened connection [connectionId{localValue:3, serverValue:17418}] to cluster0-shard-00-00.kb9lz.mongodb.net:27017
2022-04-27 18:30:58,871 INFO  SLF4JLogger:71 - [] Opened connection [connectionId{localValue:4, serverValue:17966}] to cluster0-shard-00-01.kb9lz.mongodb.net:27017
2022-04-27 18:30:58,870 INFO  SLF4JLogger:71 - [] Opened connection [connectionId{localValue:5, serverValue:17418}] to cluster0-shard-00-00.kb9lz.mongodb.net:27017
2022-04-27 18:30:58,870 INFO  SLF4JLogger:71 - [] Opened connection [connectionId{localValue:6, serverValue:17979}] to cluster0-shard-00-01.kb9lz.mongodb.net:27017
2022-04-27 18:30:58,870 INFO  SLF4JLogger:71 - [] Opened connection [connectionId{localValue:2, serverValue:17007}] to cluster0-shard-00-02.kb9lz.mongodb.net:27017
2022-04-27 18:30:58,871 INFO  SLF4JLogger:71 - [] Monitor thread successfully connected to server with description ServerDescription{address=cluster0-shard-00-00.kb9lz.mongodb.net:27017, type=REPLICA_SET_SECONDARY, state=CONNECTED, ok=true, minWireVersion=0, maxWireVersion=13, maxDocumentSize=16777216, logicalSessionTimeoutMinutes=30, roundTripTimeNanos=136222200, setName='atlas-h6wh7f-shard-0', canonicalAddress=cluster0-shard-00-00.kb9lz.mongodb.net:27017, hosts=[cluster0-shard-00-00.kb9lz.mongodb.net:27017, cluster0-shard-00-02.kb9lz.mongodb.net:27017, cluster0-shard-00-01.kb9lz.mongodb.net:27017], passives=[], arbiters=[], primary='cluster0-shard-00-01.kb9lz.mongodb.net:27017', tagSet=TagSet{[Tag{name='nodeType', value='ELECTABLE'}, Tag{name='provider', value='AWS'}, Tag{name='region', value='AP_SOUTH_1'}, Tag{name='workloadType', value='OPERATIONAL'}]}, electionId=null, setVersion=4, topologyVersion=TopologyVersion{processId=6268969112d51b706fc9b523, counter=4}, lastWriteDate=Wed Apr 27 18:31:00 IST 2022, lastUpdateTimeNanos=617127561856200}
2022-04-27 18:30:58,871 INFO  SLF4JLogger:71 - [] Monitor thread successfully connected to server with description ServerDescription{address=cluster0-shard-00-01.kb9lz.mongodb.net:27017, type=REPLICA_SET_PRIMARY, state=CONNECTED, ok=true, minWireVersion=0, maxWireVersion=13, maxDocumentSize=16777216, logicalSessionTimeoutMinutes=30, roundTripTimeNanos=132041200, setName='atlas-h6wh7f-shard-0', canonicalAddress=cluster0-shard-00-01.kb9lz.mongodb.net:27017, hosts=[cluster0-shard-00-00.kb9lz.mongodb.net:27017, cluster0-shard-00-02.kb9lz.mongodb.net:27017, cluster0-shard-00-01.kb9lz.mongodb.net:27017], passives=[], arbiters=[], primary='cluster0-shard-00-01.kb9lz.mongodb.net:27017', tagSet=TagSet{[Tag{name='nodeType', value='ELECTABLE'}, Tag{name='provider', value='AWS'}, Tag{name='region', value='AP_SOUTH_1'}, Tag{name='workloadType', value='OPERATIONAL'}]}, electionId=7fffffff000000000000013a, setVersion=4, topologyVersion=TopologyVersion{processId=626897d85cb6ce2f77f2267a, counter=6}, lastWriteDate=Wed Apr 27 18:31:00 IST 2022, lastUpdateTimeNanos=617127561834000}
2022-04-27 18:30:58,871 INFO  SLF4JLogger:71 - [] Monitor thread successfully connected to server with description ServerDescription{address=cluster0-shard-00-02.kb9lz.mongodb.net:27017, type=REPLICA_SET_SECONDARY, state=CONNECTED, ok=true, minWireVersion=0, maxWireVersion=13, maxDocumentSize=16777216, logicalSessionTimeoutMinutes=30, roundTripTimeNanos=141863700, setName='atlas-h6wh7f-shard-0', canonicalAddress=cluster0-shard-00-02.kb9lz.mongodb.net:27017, hosts=[cluster0-shard-00-00.kb9lz.mongodb.net:27017, cluster0-shard-00-02.kb9lz.mongodb.net:27017, cluster0-shard-00-01.kb9lz.mongodb.net:27017], passives=[], arbiters=[], primary='cluster0-shard-00-01.kb9lz.mongodb.net:27017', tagSet=TagSet{[Tag{name='nodeType', value='ELECTABLE'}, Tag{name='provider', value='AWS'}, Tag{name='region', value='AP_SOUTH_1'}, Tag{name='workloadType', value='OPERATIONAL'}]}, electionId=null, setVersion=4, topologyVersion=TopologyVersion{processId=626898eb37001bb97227e2ad, counter=3}, lastWriteDate=Wed Apr 27 18:31:00 IST 2022, lastUpdateTimeNanos=617127561833900}
2022-04-27 18:30:58,875 INFO  SLF4JLogger:71 - [] Setting max election id to 7fffffff000000000000013a from replica set primary cluster0-shard-00-01.kb9lz.mongodb.net:27017
2022-04-27 18:30:58,875 INFO  SLF4JLogger:71 - [] Setting max set version to 4 from replica set primary cluster0-shard-00-01.kb9lz.mongodb.net:27017
2022-04-27 18:30:58,875 INFO  SLF4JLogger:71 - [] Discovered replica set primary cluster0-shard-00-01.kb9lz.mongodb.net:27017
2022-04-27 18:30:59,551 INFO  DiscoveryClientOptionalArgsConfiguration:68 - [] Eureka HTTP Client uses RestTemplate.
2022-04-27 18:30:59,657 WARN  LoadBalancerCacheAutoConfiguration$LoadBalancerCaffeineWarnLogger:82 - [] Spring Cloud LoadBalancer is currently working with the default cache. While this cache implementation is useful for development and tests, it's recommended to use Caffeine cache in production.You can switch to using Caffeine cache, by adding it and org.springframework.cache.caffeine.CaffeineCacheManager to the classpath.
2022-04-27 18:30:59,704 INFO  InstanceInfoFactory:67 - [] Setting initial instance status as: STARTING
2022-04-27 18:30:59,749 INFO  DiscoveryClient:372 - [] Initializing Eureka in region us-east-1
2022-04-27 18:30:59,754 INFO  ConfigClusterResolver:43 - [] Resolving eureka endpoints via configuration
2022-04-27 18:30:59,780 INFO  DiscoveryClient:1007 - [] Disable delta property : false
2022-04-27 18:30:59,780 INFO  DiscoveryClient:1008 - [] Single vip registry refresh property : null
2022-04-27 18:30:59,780 INFO  DiscoveryClient:1009 - [] Force full registry fetch : false
2022-04-27 18:30:59,781 INFO  DiscoveryClient:1010 - [] Application is null : false
2022-04-27 18:30:59,781 INFO  DiscoveryClient:1011 - [] Registered Applications size is zero : true
2022-04-27 18:30:59,781 INFO  DiscoveryClient:1013 - [] Application version is -1: true
2022-04-27 18:30:59,781 INFO  DiscoveryClient:1097 - [] Getting all instance registry info from the eureka server
2022-04-27 18:30:59,947 INFO  DiscoveryClient:1106 - [] The response status is 200
2022-04-27 18:30:59,953 INFO  DiscoveryClient:1321 - [] Starting heartbeat executor: renew interval is: 30
2022-04-27 18:30:59,960 INFO  InstanceInfoReplicator:60 - [] InstanceInfoReplicator onDemand update allowed rate per min is 4
2022-04-27 18:30:59,973 INFO  DiscoveryClient:492 - [] Discovery Client initialized at timestamp 1651064459972 with initial instances count: 0
2022-04-27 18:30:59,974 INFO  EurekaServiceRegistry:41 - [] Registering application BOOKINGDETAILS with eureka with status UP
2022-04-27 18:30:59,974 INFO  DiscoveryClient$3:1352 - [] Saw local status change event StatusChangeEvent [timestamp=1651064459974, current=UP, previous=STARTING]
2022-04-27 18:30:59,975 INFO  DiscoveryClient:873 - [] DiscoveryClient_BOOKINGDETAILS/LAPTOP-0CQQRST8:BookingDetails:8086: registering service...
2022-04-27 18:30:59,995 INFO  TomcatWebServer:220 - [] Tomcat started on port(s): 8086 (http) with context path ''
2022-04-27 18:30:59,996 INFO  EurekaAutoServiceRegistration:144 - [] Updating port to 8086
2022-04-27 18:31:00,012 INFO  DiscoveryClient:882 - [] DiscoveryClient_BOOKINGDETAILS/LAPTOP-0CQQRST8:BookingDetails:8086 - registration status: 204
2022-04-27 18:31:00,068 INFO  StartupInfoLogger:61 - [] Started BookingApplication in 3.481 seconds (JVM running for 4.0)
2022-04-27 18:31:29,964 INFO  DiscoveryClient:1007 - [] Disable delta property : false
2022-04-27 18:31:29,965 INFO  DiscoveryClient:1008 - [] Single vip registry refresh property : null
2022-04-27 18:31:29,965 INFO  DiscoveryClient:1009 - [] Force full registry fetch : false
2022-04-27 18:31:29,965 INFO  DiscoveryClient:1010 - [] Application is null : false
2022-04-27 18:31:29,965 INFO  DiscoveryClient:1011 - [] Registered Applications size is zero : true
2022-04-27 18:31:29,965 INFO  DiscoveryClient:1013 - [] Application version is -1: false
2022-04-27 18:31:29,965 INFO  DiscoveryClient:1097 - [] Getting all instance registry info from the eureka server
2022-04-27 18:31:29,978 INFO  DiscoveryClient:1106 - [] The response status is 200
2022-04-27 18:35:59,794 INFO  ConfigClusterResolver:43 - [] Resolving eureka endpoints via configuration
2022-04-27 18:40:59,797 INFO  ConfigClusterResolver:43 - [] Resolving eureka endpoints via configuration
2022-04-27 18:45:59,809 INFO  ConfigClusterResolver:43 - [] Resolving eureka endpoints via configuration
2022-04-27 18:46:30,181 INFO  DirectJDKLog:173 - [] Initializing Spring DispatcherServlet 'dispatcherServlet'
2022-04-27 18:46:30,181 INFO  FrameworkServlet:525 - [] Initializing Servlet 'dispatcherServlet'
2022-04-27 18:46:30,182 INFO  FrameworkServlet:547 - [] Completed initialization in 1 ms
2022-04-27 18:46:30,591 INFO  SLF4JLogger:71 - [] Opened connection [connectionId{localValue:7, serverValue:18260}] to cluster0-shard-00-01.kb9lz.mongodb.net:27017
2022-04-27 18:46:30,632 INFO  BookingController:42 - [] [bookticket/id/fare] info message added
2022-04-27 18:46:30,632 DEBUG BookingController:43 - [] [bookticket/id/fare] debug message added
2022-04-27 18:46:31,595 INFO  BookingController:79 - [] [getorder/id] info message added
2022-04-27 18:46:31,595 DEBUG BookingController:80 - [] [getorder/id] debug message added
2022-04-27 18:46:42,974 INFO  BookingController:79 - [] [getorder/id] info message added
2022-04-27 18:46:42,974 DEBUG BookingController:80 - [] [getorder/id] debug message added
2022-04-27 18:46:52,305 INFO  BookingController:79 - [] [getorder/id] info message added
2022-04-27 18:46:52,305 DEBUG BookingController:80 - [] [getorder/id] debug message added
2022-04-27 18:46:56,711 INFO  BookingController:79 - [] [getorder/id] info message added
2022-04-27 18:46:56,712 DEBUG BookingController:80 - [] [getorder/id] debug message added
2022-04-27 18:47:57,267 INFO  BookingController:42 - [] [bookticket/id/fare] info message added
2022-04-27 18:47:57,268 DEBUG BookingController:43 - [] [bookticket/id/fare] debug message added
2022-04-27 18:47:58,916 INFO  BookingController:79 - [] [getorder/id] info message added
2022-04-27 18:47:58,916 DEBUG BookingController:80 - [] [getorder/id] debug message added
2022-04-27 18:48:05,263 INFO  BookingController:79 - [] [getorder/id] info message added
2022-04-27 18:48:05,263 DEBUG BookingController:80 - [] [getorder/id] debug message added
2022-04-27 18:48:07,982 INFO  BookingController:79 - [] [getorder/id] info message added
2022-04-27 18:48:07,982 DEBUG BookingController:80 - [] [getorder/id] debug message added
2022-04-27 18:49:02,619 INFO  BookingController:42 - [] [bookticket/id/fare] info message added
2022-04-27 18:49:02,620 DEBUG BookingController:43 - [] [bookticket/id/fare] debug message added
2022-04-27 18:49:03,799 INFO  BookingController:79 - [] [getorder/id] info message added
2022-04-27 18:49:03,800 DEBUG BookingController:80 - [] [getorder/id] debug message added
2022-04-27 18:49:09,348 INFO  BookingController:79 - [] [getorder/id] info message added
2022-04-27 18:49:09,349 DEBUG BookingController:80 - [] [getorder/id] debug message added
2022-04-27 18:49:13,940 INFO  BookingController:79 - [] [getorder/id] info message added
2022-04-27 18:49:13,940 DEBUG BookingController:80 - [] [getorder/id] debug message added
2022-04-27 18:50:24,255 INFO  SpringApplicationAdminMXBeanRegistrar$SpringApplicationAdmin:159 - [] Application shutdown requested.
2022-04-27 18:50:24,256 INFO  EurekaServiceRegistry:62 - [] Unregistering application BOOKINGDETAILS with eureka with status DOWN
2022-04-27 18:50:24,257 INFO  DiscoveryClient$3:1352 - [] Saw local status change event StatusChangeEvent [timestamp=1651065624257, current=DOWN, previous=UP]
2022-04-27 18:50:24,257 INFO  DiscoveryClient:873 - [] DiscoveryClient_BOOKINGDETAILS/LAPTOP-0CQQRST8:BookingDetails:8086: registering service...
2022-04-27 18:50:24,262 INFO  RedirectingEurekaHttpClient:93 - [] Request execution error. endpoint=DefaultEndpoint{ serviceUrl='http://localhost:8761/eureka/} exception=I/O error on POST request for "http://localhost:8761/eureka/apps/BOOKINGDETAILS": Connect to localhost:8761 [localhost/127.0.0.1, localhost/0:0:0:0:0:0:0:1] failed: Connection refused: connect; nested exception is org.apache.http.conn.HttpHostConnectException: Connect to localhost:8761 [localhost/127.0.0.1, localhost/0:0:0:0:0:0:0:1] failed: Connection refused: connect stacktrace=org.springframework.web.client.ResourceAccessException: I/O error on POST request for "http://localhost:8761/eureka/apps/BOOKINGDETAILS": Connect to localhost:8761 [localhost/127.0.0.1, localhost/0:0:0:0:0:0:0:1] failed: Connection refused: connect; nested exception is org.apache.http.conn.HttpHostConnectException: Connect to localhost:8761 [localhost/127.0.0.1, localhost/0:0:0:0:0:0:0:1] failed: Connection refused: connect
	at org.springframework.web.client.RestTemplate.doExecute(RestTemplate.java:785)
	at org.springframework.web.client.RestTemplate.execute(RestTemplate.java:711)
	at org.springframework.web.client.RestTemplate.exchange(RestTemplate.java:602)
	at org.springframework.cloud.netflix.eureka.http.RestTemplateEurekaHttpClient.register(RestTemplateEurekaHttpClient.java:77)
	at com.netflix.discovery.shared.transport.decorator.EurekaHttpClientDecorator$1.execute(EurekaHttpClientDecorator.java:59)
	at com.netflix.discovery.shared.transport.decorator.RedirectingEurekaHttpClient.execute(RedirectingEurekaHttpClient.java:91)
	at com.netflix.discovery.shared.transport.decorator.EurekaHttpClientDecorator.register(EurekaHttpClientDecorator.java:56)
	at com.netflix.discovery.shared.transport.decorator.EurekaHttpClientDecorator$1.execute(EurekaHttpClientDecorator.java:59)
	at com.netflix.discovery.shared.transport.decorator.RetryableEurekaHttpClient.execute(RetryableEurekaHttpClient.java:120)
	at com.netflix.discovery.shared.transport.decorator.EurekaHttpClientDecorator.register(EurekaHttpClientDecorator.java:56)
	at com.netflix.discovery.shared.transport.decorator.EurekaHttpClientDecorator$1.execute(EurekaHttpClientDecorator.java:59)
	at com.netflix.discovery.shared.transport.decorator.SessionedEurekaHttpClient.execute(SessionedEurekaHttpClient.java:77)
	at com.netflix.discovery.shared.transport.decorator.EurekaHttpClientDecorator.register(EurekaHttpClientDecorator.java:56)
	at com.netflix.discovery.DiscoveryClient.register(DiscoveryClient.java:876)
	at com.netflix.discovery.InstanceInfoReplicator.run(InstanceInfoReplicator.java:121)
	at com.netflix.discovery.InstanceInfoReplicator$1.run(InstanceInfoReplicator.java:101)
	at java.base/java.util.concurrent.Executors$RunnableAdapter.call(Executors.java:539)
	at java.base/java.util.concurrent.FutureTask.run(FutureTask.java:264)
	at java.base/java.util.concurrent.ScheduledThreadPoolExecutor$ScheduledFutureTask.run(ScheduledThreadPoolExecutor.java:304)
	at java.base/java.util.concurrent.ThreadPoolExecutor.runWorker(ThreadPoolExecutor.java:1136)
	at java.base/java.util.concurrent.ThreadPoolExecutor$Worker.run(ThreadPoolExecutor.java:635)
	at java.base/java.lang.Thread.run(Thread.java:833)
Caused by: org.apache.http.conn.HttpHostConnectException: Connect to localhost:8761 [localhost/127.0.0.1, localhost/0:0:0:0:0:0:0:1] failed: Connection refused: connect
	at org.apache.http.impl.conn.DefaultHttpClientConnectionOperator.connect(DefaultHttpClientConnectionOperator.java:156)
	at org.apache.http.impl.conn.PoolingHttpClientConnectionManager.connect(PoolingHttpClientConnectionManager.java:376)
	at org.apache.http.impl.execchain.MainClientExec.establishRoute(MainClientExec.java:393)
	at org.apache.http.impl.execchain.MainClientExec.execute(MainClientExec.java:236)
	at org.apache.http.impl.execchain.ProtocolExec.execute(ProtocolExec.java:186)
	at org.apache.http.impl.execchain.RetryExec.execute(RetryExec.java:89)
	at org.apache.http.impl.execchain.RedirectExec.execute(RedirectExec.java:110)
	at org.apache.http.impl.client.InternalHttpClient.doExecute(InternalHttpClient.java:185)
	at org.apache.http.impl.client.CloseableHttpClient.execute(CloseableHttpClient.java:83)
	at org.apache.http.impl.client.CloseableHttpClient.execute(CloseableHttpClient.java:56)
	at org.springframework.http.client.HttpComponentsClientHttpRequest.executeInternal(HttpComponentsClientHttpRequest.java:87)
	at org.springframework.http.client.AbstractBufferingClientHttpRequest.executeInternal(AbstractBufferingClientHttpRequest.java:48)
	at org.springframework.http.client.AbstractClientHttpRequest.execute(AbstractClientHttpRequest.java:66)
	at org.springframework.web.client.RestTemplate.doExecute(RestTemplate.java:776)
	... 21 more
Caused by: java.net.ConnectException: Connection refused: connect
	at java.base/sun.nio.ch.Net.connect0(Native Method)
	at java.base/sun.nio.ch.Net.connect(Net.java:579)
	at java.base/sun.nio.ch.Net.connect(Net.java:568)
	at java.base/sun.nio.ch.NioSocketImpl.connect(NioSocketImpl.java:588)
	at java.base/java.net.SocksSocketImpl.connect(SocksSocketImpl.java:327)
	at java.base/java.net.Socket.connect(Socket.java:633)
	at org.apache.http.conn.socket.PlainConnectionSocketFactory.connectSocket(PlainConnectionSocketFactory.java:75)
	at org.apache.http.impl.conn.DefaultHttpClientConnectionOperator.connect(DefaultHttpClientConnectionOperator.java:142)
	... 34 more

2022-04-27 18:50:24,262 WARN  RetryableEurekaHttpClient:130 - [] Request execution failed with message: I/O error on POST request for "http://localhost:8761/eureka/apps/BOOKINGDETAILS": Connect to localhost:8761 [localhost/127.0.0.1, localhost/0:0:0:0:0:0:0:1] failed: Connection refused: connect; nested exception is org.apache.http.conn.HttpHostConnectException: Connect to localhost:8761 [localhost/127.0.0.1, localhost/0:0:0:0:0:0:0:1] failed: Connection refused: connect
2022-04-27 18:50:24,272 INFO  RedirectingEurekaHttpClient:84 - [] Request execution error. endpoint=DefaultEndpoint{ serviceUrl='http://localhost:8761/eureka/}, exception=I/O error on POST request for "http://localhost:8761/eureka/apps/BOOKINGDETAILS": Connect to localhost:8761 [localhost/127.0.0.1, localhost/0:0:0:0:0:0:0:1] failed: Connection refused: connect; nested exception is org.apache.http.conn.HttpHostConnectException: Connect to localhost:8761 [localhost/127.0.0.1, localhost/0:0:0:0:0:0:0:1] failed: Connection refused: connect stacktrace=org.springframework.web.client.ResourceAccessException: I/O error on POST request for "http://localhost:8761/eureka/apps/BOOKINGDETAILS": Connect to localhost:8761 [localhost/127.0.0.1, localhost/0:0:0:0:0:0:0:1] failed: Connection refused: connect; nested exception is org.apache.http.conn.HttpHostConnectException: Connect to localhost:8761 [localhost/127.0.0.1, localhost/0:0:0:0:0:0:0:1] failed: Connection refused: connect
	at org.springframework.web.client.RestTemplate.doExecute(RestTemplate.java:785)
	at org.springframework.web.client.RestTemplate.execute(RestTemplate.java:711)
	at org.springframework.web.client.RestTemplate.exchange(RestTemplate.java:602)
	at org.springframework.cloud.netflix.eureka.http.RestTemplateEurekaHttpClient.register(RestTemplateEurekaHttpClient.java:77)
	at com.netflix.discovery.shared.transport.decorator.EurekaHttpClientDecorator$1.execute(EurekaHttpClientDecorator.java:59)
	at com.netflix.discovery.shared.transport.decorator.RedirectingEurekaHttpClient.executeOnNewServer(RedirectingEurekaHttpClient.java:121)
	at com.netflix.discovery.shared.transport.decorator.RedirectingEurekaHttpClient.execute(RedirectingEurekaHttpClient.java:80)
	at com.netflix.discovery.shared.transport.decorator.EurekaHttpClientDecorator.register(EurekaHttpClientDecorator.java:56)
	at com.netflix.discovery.shared.transport.decorator.EurekaHttpClientDecorator$1.execute(EurekaHttpClientDecorator.java:59)
	at com.netflix.discovery.shared.transport.decorator.RetryableEurekaHttpClient.execute(RetryableEurekaHttpClient.java:120)
	at com.netflix.discovery.shared.transport.decorator.EurekaHttpClientDecorator.register(EurekaHttpClientDecorator.java:56)
	at com.netflix.discovery.shared.transport.decorator.EurekaHttpClientDecorator$1.execute(EurekaHttpClientDecorator.java:59)
	at com.netflix.discovery.shared.transport.decorator.SessionedEurekaHttpClient.execute(SessionedEurekaHttpClient.java:77)
	at com.netflix.discovery.shared.transport.decorator.EurekaHttpClientDecorator.register(EurekaHttpClientDecorator.java:56)
	at com.netflix.discovery.DiscoveryClient.register(DiscoveryClient.java:876)
	at com.netflix.discovery.InstanceInfoReplicator.run(InstanceInfoReplicator.java:121)
	at com.netflix.discovery.InstanceInfoReplicator$1.run(InstanceInfoReplicator.java:101)
	at java.base/java.util.concurrent.Executors$RunnableAdapter.call(Executors.java:539)
	at java.base/java.util.concurrent.FutureTask.run(FutureTask.java:264)
	at java.base/java.util.concurrent.ScheduledThreadPoolExecutor$ScheduledFutureTask.run(ScheduledThreadPoolExecutor.java:304)
	at java.base/java.util.concurrent.ThreadPoolExecutor.runWorker(ThreadPoolExecutor.java:1136)
	at java.base/java.util.concurrent.ThreadPoolExecutor$Worker.run(ThreadPoolExecutor.java:635)
	at java.base/java.lang.Thread.run(Thread.java:833)
Caused by: org.apache.http.conn.HttpHostConnectException: Connect to localhost:8761 [localhost/127.0.0.1, localhost/0:0:0:0:0:0:0:1] failed: Connection refused: connect
	at org.apache.http.impl.conn.DefaultHttpClientConnectionOperator.connect(DefaultHttpClientConnectionOperator.java:156)
	at org.apache.http.impl.conn.PoolingHttpClientConnectionManager.connect(PoolingHttpClientConnectionManager.java:376)
	at org.apache.http.impl.execchain.MainClientExec.establishRoute(MainClientExec.java:393)
	at org.apache.http.impl.execchain.MainClientExec.execute(MainClientExec.java:236)
	at org.apache.http.impl.execchain.ProtocolExec.execute(ProtocolExec.java:186)
	at org.apache.http.impl.execchain.RetryExec.execute(RetryExec.java:89)
	at org.apache.http.impl.execchain.RedirectExec.execute(RedirectExec.java:110)
	at org.apache.http.impl.client.InternalHttpClient.doExecute(InternalHttpClient.java:185)
	at org.apache.http.impl.client.CloseableHttpClient.execute(CloseableHttpClient.java:83)
	at org.apache.http.impl.client.CloseableHttpClient.execute(CloseableHttpClient.java:56)
	at org.springframework.http.client.HttpComponentsClientHttpRequest.executeInternal(HttpComponentsClientHttpRequest.java:87)
	at org.springframework.http.client.AbstractBufferingClientHttpRequest.executeInternal(AbstractBufferingClientHttpRequest.java:48)
	at org.springframework.http.client.AbstractClientHttpRequest.execute(AbstractClientHttpRequest.java:66)
	at org.springframework.web.client.RestTemplate.doExecute(RestTemplate.java:776)
	... 22 more
Caused by: java.net.ConnectException: Connection refused: connect
	at java.base/sun.nio.ch.Net.connect0(Native Method)
	at java.base/sun.nio.ch.Net.connect(Net.java:579)
	at java.base/sun.nio.ch.Net.connect(Net.java:568)
	at java.base/sun.nio.ch.NioSocketImpl.connect(NioSocketImpl.java:588)
	at java.base/java.net.SocksSocketImpl.connect(SocksSocketImpl.java:327)
	at java.base/java.net.Socket.connect(Socket.java:633)
	at org.apache.http.conn.socket.PlainConnectionSocketFactory.connectSocket(PlainConnectionSocketFactory.java:75)
	at org.apache.http.impl.conn.DefaultHttpClientConnectionOperator.connect(DefaultHttpClientConnectionOperator.java:142)
	... 35 more

2022-04-27 18:50:24,273 WARN  RetryableEurekaHttpClient:130 - [] Request execution failed with message: I/O error on POST request for "http://localhost:8761/eureka/apps/BOOKINGDETAILS": Connect to localhost:8761 [localhost/127.0.0.1, localhost/0:0:0:0:0:0:0:1] failed: Connection refused: connect; nested exception is org.apache.http.conn.HttpHostConnectException: Connect to localhost:8761 [localhost/127.0.0.1, localhost/0:0:0:0:0:0:0:1] failed: Connection refused: connect
2022-04-27 18:50:24,276 WARN  DiscoveryClient:878 - [] DiscoveryClient_BOOKINGDETAILS/LAPTOP-0CQQRST8:BookingDetails:8086 - registration failed Cannot execute request on any known server
com.netflix.discovery.shared.transport.TransportException: Cannot execute request on any known server
	at com.netflix.discovery.shared.transport.decorator.RetryableEurekaHttpClient.execute(RetryableEurekaHttpClient.java:112)
	at com.netflix.discovery.shared.transport.decorator.EurekaHttpClientDecorator.register(EurekaHttpClientDecorator.java:56)
	at com.netflix.discovery.shared.transport.decorator.EurekaHttpClientDecorator$1.execute(EurekaHttpClientDecorator.java:59)
	at com.netflix.discovery.shared.transport.decorator.SessionedEurekaHttpClient.execute(SessionedEurekaHttpClient.java:77)
	at com.netflix.discovery.shared.transport.decorator.EurekaHttpClientDecorator.register(EurekaHttpClientDecorator.java:56)
	at com.netflix.discovery.DiscoveryClient.register(DiscoveryClient.java:876)
	at com.netflix.discovery.InstanceInfoReplicator.run(InstanceInfoReplicator.java:121)
	at com.netflix.discovery.InstanceInfoReplicator$1.run(InstanceInfoReplicator.java:101)
	at java.base/java.util.concurrent.Executors$RunnableAdapter.call(Executors.java:539)
	at java.base/java.util.concurrent.FutureTask.run(FutureTask.java:264)
	at java.base/java.util.concurrent.ScheduledThreadPoolExecutor$ScheduledFutureTask.run(ScheduledThreadPoolExecutor.java:304)
	at java.base/java.util.concurrent.ThreadPoolExecutor.runWorker(ThreadPoolExecutor.java:1136)
	at java.base/java.util.concurrent.ThreadPoolExecutor$Worker.run(ThreadPoolExecutor.java:635)
	at java.base/java.lang.Thread.run(Thread.java:833)
2022-04-27 18:50:24,276 WARN  InstanceInfoReplicator:125 - [] There was a problem with the instance info replicator
com.netflix.discovery.shared.transport.TransportException: Cannot execute request on any known server
	at com.netflix.discovery.shared.transport.decorator.RetryableEurekaHttpClient.execute(RetryableEurekaHttpClient.java:112)
	at com.netflix.discovery.shared.transport.decorator.EurekaHttpClientDecorator.register(EurekaHttpClientDecorator.java:56)
	at com.netflix.discovery.shared.transport.decorator.EurekaHttpClientDecorator$1.execute(EurekaHttpClientDecorator.java:59)
	at com.netflix.discovery.shared.transport.decorator.SessionedEurekaHttpClient.execute(SessionedEurekaHttpClient.java:77)
	at com.netflix.discovery.shared.transport.decorator.EurekaHttpClientDecorator.register(EurekaHttpClientDecorator.java:56)
	at com.netflix.discovery.DiscoveryClient.register(DiscoveryClient.java:876)
	at com.netflix.discovery.InstanceInfoReplicator.run(InstanceInfoReplicator.java:121)
	at com.netflix.discovery.InstanceInfoReplicator$1.run(InstanceInfoReplicator.java:101)
	at java.base/java.util.concurrent.Executors$RunnableAdapter.call(Executors.java:539)
	at java.base/java.util.concurrent.FutureTask.run(FutureTask.java:264)
	at java.base/java.util.concurrent.ScheduledThreadPoolExecutor$ScheduledFutureTask.run(ScheduledThreadPoolExecutor.java:304)
	at java.base/java.util.concurrent.ThreadPoolExecutor.runWorker(ThreadPoolExecutor.java:1136)
	at java.base/java.util.concurrent.ThreadPoolExecutor$Worker.run(ThreadPoolExecutor.java:635)
	at java.base/java.lang.Thread.run(Thread.java:833)
2022-04-27 18:50:24,395 INFO  DiscoveryClient:935 - [] Shutting down DiscoveryClient ...
2022-04-27 18:50:27,415 INFO  DiscoveryClient:971 - [] Unregistering ...
2022-04-27 18:50:27,420 INFO  RedirectingEurekaHttpClient:84 - [] Request execution error. endpoint=DefaultEndpoint{ serviceUrl='http://localhost:8761/eureka/}, exception=I/O error on DELETE request for "http://localhost:8761/eureka/apps/BOOKINGDETAILS/LAPTOP-0CQQRST8:BookingDetails:8086": Connect to localhost:8761 [localhost/127.0.0.1, localhost/0:0:0:0:0:0:0:1] failed: Connection refused: connect; nested exception is org.apache.http.conn.HttpHostConnectException: Connect to localhost:8761 [localhost/127.0.0.1, localhost/0:0:0:0:0:0:0:1] failed: Connection refused: connect stacktrace=org.springframework.web.client.ResourceAccessException: I/O error on DELETE request for "http://localhost:8761/eureka/apps/BOOKINGDETAILS/LAPTOP-0CQQRST8:BookingDetails:8086": Connect to localhost:8761 [localhost/127.0.0.1, localhost/0:0:0:0:0:0:0:1] failed: Connection refused: connect; nested exception is org.apache.http.conn.HttpHostConnectException: Connect to localhost:8761 [localhost/127.0.0.1, localhost/0:0:0:0:0:0:0:1] failed: Connection refused: connect
	at org.springframework.web.client.RestTemplate.doExecute(RestTemplate.java:785)
	at org.springframework.web.client.RestTemplate.execute(RestTemplate.java:711)
	at org.springframework.web.client.RestTemplate.exchange(RestTemplate.java:602)
	at org.springframework.cloud.netflix.eureka.http.RestTemplateEurekaHttpClient.cancel(RestTemplateEurekaHttpClient.java:87)
	at com.netflix.discovery.shared.transport.decorator.EurekaHttpClientDecorator$2.execute(EurekaHttpClientDecorator.java:74)
	at com.netflix.discovery.shared.transport.decorator.RedirectingEurekaHttpClient.executeOnNewServer(RedirectingEurekaHttpClient.java:121)
	at com.netflix.discovery.shared.transport.decorator.RedirectingEurekaHttpClient.execute(RedirectingEurekaHttpClient.java:80)
	at com.netflix.discovery.shared.transport.decorator.EurekaHttpClientDecorator.cancel(EurekaHttpClientDecorator.java:71)
	at com.netflix.discovery.shared.transport.decorator.EurekaHttpClientDecorator$2.execute(EurekaHttpClientDecorator.java:74)
	at com.netflix.discovery.shared.transport.decorator.RetryableEurekaHttpClient.execute(RetryableEurekaHttpClient.java:120)
	at com.netflix.discovery.shared.transport.decorator.EurekaHttpClientDecorator.cancel(EurekaHttpClientDecorator.java:71)
	at com.netflix.discovery.shared.transport.decorator.EurekaHttpClientDecorator$2.execute(EurekaHttpClientDecorator.java:74)
	at com.netflix.discovery.shared.transport.decorator.SessionedEurekaHttpClient.execute(SessionedEurekaHttpClient.java:77)
	at com.netflix.discovery.shared.transport.decorator.EurekaHttpClientDecorator.cancel(EurekaHttpClientDecorator.java:71)
	at com.netflix.discovery.DiscoveryClient.unregister(DiscoveryClient.java:972)
	at com.netflix.discovery.DiscoveryClient.shutdown(DiscoveryClient.java:948)
	at java.base/jdk.internal.reflect.NativeMethodAccessorImpl.invoke0(Native Method)
	at java.base/jdk.internal.reflect.NativeMethodAccessorImpl.invoke(NativeMethodAccessorImpl.java:77)
	at java.base/jdk.internal.reflect.DelegatingMethodAccessorImpl.invoke(DelegatingMethodAccessorImpl.java:43)
	at java.base/java.lang.reflect.Method.invoke(Method.java:568)
	at org.springframework.beans.factory.annotation.InitDestroyAnnotationBeanPostProcessor$LifecycleElement.invoke(InitDestroyAnnotationBeanPostProcessor.java:389)
	at org.springframework.beans.factory.annotation.InitDestroyAnnotationBeanPostProcessor$LifecycleMetadata.invokeDestroyMethods(InitDestroyAnnotationBeanPostProcessor.java:347)
	at org.springframework.beans.factory.annotation.InitDestroyAnnotationBeanPostProcessor.postProcessBeforeDestruction(InitDestroyAnnotationBeanPostProcessor.java:177)
	at org.springframework.beans.factory.support.DisposableBeanAdapter.destroy(DisposableBeanAdapter.java:197)
	at org.springframework.beans.factory.support.DisposableBeanAdapter.run(DisposableBeanAdapter.java:190)
	at org.springframework.cloud.context.scope.GenericScope$BeanLifecycleWrapper.destroy(GenericScope.java:390)
	at org.springframework.cloud.context.scope.GenericScope.destroy(GenericScope.java:136)
	at org.springframework.beans.factory.support.DisposableBeanAdapter.destroy(DisposableBeanAdapter.java:213)
	at org.springframework.beans.factory.support.DefaultSingletonBeanRegistry.destroyBean(DefaultSingletonBeanRegistry.java:587)
	at org.springframework.beans.factory.support.DefaultSingletonBeanRegistry.destroySingleton(DefaultSingletonBeanRegistry.java:559)
	at org.springframework.beans.factory.support.DefaultListableBeanFactory.destroySingleton(DefaultListableBeanFactory.java:1161)
	at org.springframework.beans.factory.support.DefaultSingletonBeanRegistry.destroySingletons(DefaultSingletonBeanRegistry.java:520)
	at org.springframework.beans.factory.support.DefaultListableBeanFactory.destroySingletons(DefaultListableBeanFactory.java:1154)
	at org.springframework.context.support.AbstractApplicationContext.destroyBeans(AbstractApplicationContext.java:1106)
	at org.springframework.context.support.AbstractApplicationContext.doClose(AbstractApplicationContext.java:1075)
	at org.springframework.boot.web.servlet.context.ServletWebServerApplicationContext.doClose(ServletWebServerApplicationContext.java:172)
	at org.springframework.context.support.AbstractApplicationContext.close(AbstractApplicationContext.java:1021)
	at org.springframework.boot.admin.SpringApplicationAdminMXBeanRegistrar$SpringApplicationAdmin.shutdown(SpringApplicationAdminMXBeanRegistrar.java:160)
	at java.base/jdk.internal.reflect.NativeMethodAccessorImpl.invoke0(Native Method)
	at java.base/jdk.internal.reflect.NativeMethodAccessorImpl.invoke(NativeMethodAccessorImpl.java:77)
	at java.base/jdk.internal.reflect.DelegatingMethodAccessorImpl.invoke(DelegatingMethodAccessorImpl.java:43)
	at java.base/java.lang.reflect.Method.invoke(Method.java:568)
	at sun.reflect.misc.Trampoline.invoke(MethodUtil.java:72)
	at java.base/jdk.internal.reflect.NativeMethodAccessorImpl.invoke0(Native Method)
	at java.base/jdk.internal.reflect.NativeMethodAccessorImpl.invoke(NativeMethodAccessorImpl.java:77)
	at java.base/jdk.internal.reflect.DelegatingMethodAccessorImpl.invoke(DelegatingMethodAccessorImpl.java:43)
	at java.base/java.lang.reflect.Method.invoke(Method.java:568)
	at java.base/sun.reflect.misc.MethodUtil.invoke(MethodUtil.java:262)
	at java.management/com.sun.jmx.mbeanserver.ConvertingMethod.invokeWithOpenReturn(ConvertingMethod.java:193)
	at java.management/com.sun.jmx.mbeanserver.ConvertingMethod.invokeWithOpenReturn(ConvertingMethod.java:175)
	at java.management/com.sun.jmx.mbeanserver.MXBeanIntrospector.invokeM2(MXBeanIntrospector.java:117)
	at java.management/com.sun.jmx.mbeanserver.MXBeanIntrospector.invokeM2(MXBeanIntrospector.java:54)
	at java.management/com.sun.jmx.mbeanserver.MBeanIntrospector.invokeM(MBeanIntrospector.java:237)
	at java.management/com.sun.jmx.mbeanserver.PerInterface.invoke(PerInterface.java:138)
	at java.management/com.sun.jmx.mbeanserver.MBeanSupport.invoke(MBeanSupport.java:252)
	at java.management/com.sun.jmx.interceptor.DefaultMBeanServerInterceptor.invoke(DefaultMBeanServerInterceptor.java:814)
	at java.management/com.sun.jmx.mbeanserver.JmxMBeanServer.invoke(JmxMBeanServer.java:802)
	at java.management.rmi/javax.management.remote.rmi.RMIConnectionImpl.doOperation(RMIConnectionImpl.java:1472)
	at java.management.rmi/javax.management.remote.rmi.RMIConnectionImpl$PrivilegedOperation.run(RMIConnectionImpl.java:1310)
	at java.management.rmi/javax.management.remote.rmi.RMIConnectionImpl.doPrivilegedOperation(RMIConnectionImpl.java:1405)
	at java.management.rmi/javax.management.remote.rmi.RMIConnectionImpl.invoke(RMIConnectionImpl.java:829)
	at java.base/jdk.internal.reflect.NativeMethodAccessorImpl.invoke0(Native Method)
	at java.base/jdk.internal.reflect.NativeMethodAccessorImpl.invoke(NativeMethodAccessorImpl.java:77)
	at java.base/jdk.internal.reflect.DelegatingMethodAccessorImpl.invoke(DelegatingMethodAccessorImpl.java:43)
	at java.base/java.lang.reflect.Method.invoke(Method.java:568)
	at java.rmi/sun.rmi.server.UnicastServerRef.dispatch(UnicastServerRef.java:360)
	at java.rmi/sun.rmi.transport.Transport$1.run(Transport.java:200)
	at java.rmi/sun.rmi.transport.Transport$1.run(Transport.java:197)
	at java.base/java.security.AccessController.doPrivileged(AccessController.java:712)
	at java.rmi/sun.rmi.transport.Transport.serviceCall(Transport.java:196)
	at java.rmi/sun.rmi.transport.tcp.TCPTransport.handleMessages(TCPTransport.java:587)
	at java.rmi/sun.rmi.transport.tcp.TCPTransport$ConnectionHandler.run0(TCPTransport.java:828)
	at java.rmi/sun.rmi.transport.tcp.TCPTransport$ConnectionHandler.lambda$run$0(TCPTransport.java:705)
	at java.base/java.security.AccessController.doPrivileged(AccessController.java:399)
	at java.rmi/sun.rmi.transport.tcp.TCPTransport$ConnectionHandler.run(TCPTransport.java:704)
	at java.base/java.util.concurrent.ThreadPoolExecutor.runWorker(ThreadPoolExecutor.java:1136)
	at java.base/java.util.concurrent.ThreadPoolExecutor$Worker.run(ThreadPoolExecutor.java:635)
	at java.base/java.lang.Thread.run(Thread.java:833)
Caused by: org.apache.http.conn.HttpHostConnectException: Connect to localhost:8761 [localhost/127.0.0.1, localhost/0:0:0:0:0:0:0:1] failed: Connection refused: connect
	at org.apache.http.impl.conn.DefaultHttpClientConnectionOperator.connect(DefaultHttpClientConnectionOperator.java:156)
	at org.apache.http.impl.conn.PoolingHttpClientConnectionManager.connect(PoolingHttpClientConnectionManager.java:376)
	at org.apache.http.impl.execchain.MainClientExec.establishRoute(MainClientExec.java:393)
	at org.apache.http.impl.execchain.MainClientExec.execute(MainClientExec.java:236)
	at org.apache.http.impl.execchain.ProtocolExec.execute(ProtocolExec.java:186)
	at org.apache.http.impl.execchain.RetryExec.execute(RetryExec.java:89)
	at org.apache.http.impl.execchain.RedirectExec.execute(RedirectExec.java:110)
	at org.apache.http.impl.client.InternalHttpClient.doExecute(InternalHttpClient.java:185)
	at org.apache.http.impl.client.CloseableHttpClient.execute(CloseableHttpClient.java:83)
	at org.apache.http.impl.client.CloseableHttpClient.execute(CloseableHttpClient.java:56)
	at org.springframework.http.client.HttpComponentsClientHttpRequest.executeInternal(HttpComponentsClientHttpRequest.java:87)
	at org.springframework.http.client.AbstractBufferingClientHttpRequest.executeInternal(AbstractBufferingClientHttpRequest.java:48)
	at org.springframework.http.client.AbstractClientHttpRequest.execute(AbstractClientHttpRequest.java:66)
	at org.springframework.web.client.RestTemplate.doExecute(RestTemplate.java:776)
	... 77 more
Caused by: java.net.ConnectException: Connection refused: connect
	at java.base/sun.nio.ch.Net.connect0(Native Method)
	at java.base/sun.nio.ch.Net.connect(Net.java:579)
	at java.base/sun.nio.ch.Net.connect(Net.java:568)
	at java.base/sun.nio.ch.NioSocketImpl.connect(NioSocketImpl.java:588)
	at java.base/java.net.SocksSocketImpl.connect(SocksSocketImpl.java:327)
	at java.base/java.net.Socket.connect(Socket.java:633)
	at org.apache.http.conn.socket.PlainConnectionSocketFactory.connectSocket(PlainConnectionSocketFactory.java:75)
	at org.apache.http.impl.conn.DefaultHttpClientConnectionOperator.connect(DefaultHttpClientConnectionOperator.java:142)
	... 90 more

2022-04-27 18:50:27,420 WARN  RetryableEurekaHttpClient:130 - [] Request execution failed with message: I/O error on DELETE request for "http://localhost:8761/eureka/apps/BOOKINGDETAILS/LAPTOP-0CQQRST8:BookingDetails:8086": Connect to localhost:8761 [localhost/127.0.0.1, localhost/0:0:0:0:0:0:0:1] failed: Connection refused: connect; nested exception is org.apache.http.conn.HttpHostConnectException: Connect to localhost:8761 [localhost/127.0.0.1, localhost/0:0:0:0:0:0:0:1] failed: Connection refused: connect
2022-04-27 18:50:27,421 ERROR DiscoveryClient:975 - [] DiscoveryClient_BOOKINGDETAILS/LAPTOP-0CQQRST8:BookingDetails:8086 - de-registration failedCannot execute request on any known server
com.netflix.discovery.shared.transport.TransportException: Cannot execute request on any known server
	at com.netflix.discovery.shared.transport.decorator.RetryableEurekaHttpClient.execute(RetryableEurekaHttpClient.java:112)
	at com.netflix.discovery.shared.transport.decorator.EurekaHttpClientDecorator.cancel(EurekaHttpClientDecorator.java:71)
	at com.netflix.discovery.shared.transport.decorator.EurekaHttpClientDecorator$2.execute(EurekaHttpClientDecorator.java:74)
	at com.netflix.discovery.shared.transport.decorator.SessionedEurekaHttpClient.execute(SessionedEurekaHttpClient.java:77)
	at com.netflix.discovery.shared.transport.decorator.EurekaHttpClientDecorator.cancel(EurekaHttpClientDecorator.java:71)
	at com.netflix.discovery.DiscoveryClient.unregister(DiscoveryClient.java:972)
	at com.netflix.discovery.DiscoveryClient.shutdown(DiscoveryClient.java:948)
	at java.base/jdk.internal.reflect.NativeMethodAccessorImpl.invoke0(Native Method)
	at java.base/jdk.internal.reflect.NativeMethodAccessorImpl.invoke(NativeMethodAccessorImpl.java:77)
	at java.base/jdk.internal.reflect.DelegatingMethodAccessorImpl.invoke(DelegatingMethodAccessorImpl.java:43)
	at java.base/java.lang.reflect.Method.invoke(Method.java:568)
	at org.springframework.beans.factory.annotation.InitDestroyAnnotationBeanPostProcessor$LifecycleElement.invoke(InitDestroyAnnotationBeanPostProcessor.java:389)
	at org.springframework.beans.factory.annotation.InitDestroyAnnotationBeanPostProcessor$LifecycleMetadata.invokeDestroyMethods(InitDestroyAnnotationBeanPostProcessor.java:347)
	at org.springframework.beans.factory.annotation.InitDestroyAnnotationBeanPostProcessor.postProcessBeforeDestruction(InitDestroyAnnotationBeanPostProcessor.java:177)
	at org.springframework.beans.factory.support.DisposableBeanAdapter.destroy(DisposableBeanAdapter.java:197)
	at org.springframework.beans.factory.support.DisposableBeanAdapter.run(DisposableBeanAdapter.java:190)
	at org.springframework.cloud.context.scope.GenericScope$BeanLifecycleWrapper.destroy(GenericScope.java:390)
	at org.springframework.cloud.context.scope.GenericScope.destroy(GenericScope.java:136)
	at org.springframework.beans.factory.support.DisposableBeanAdapter.destroy(DisposableBeanAdapter.java:213)
	at org.springframework.beans.factory.support.DefaultSingletonBeanRegistry.destroyBean(DefaultSingletonBeanRegistry.java:587)
	at org.springframework.beans.factory.support.DefaultSingletonBeanRegistry.destroySingleton(DefaultSingletonBeanRegistry.java:559)
	at org.springframework.beans.factory.support.DefaultListableBeanFactory.destroySingleton(DefaultListableBeanFactory.java:1161)
	at org.springframework.beans.factory.support.DefaultSingletonBeanRegistry.destroySingletons(DefaultSingletonBeanRegistry.java:520)
	at org.springframework.beans.factory.support.DefaultListableBeanFactory.destroySingletons(DefaultListableBeanFactory.java:1154)
	at org.springframework.context.support.AbstractApplicationContext.destroyBeans(AbstractApplicationContext.java:1106)
	at org.springframework.context.support.AbstractApplicationContext.doClose(AbstractApplicationContext.java:1075)
	at org.springframework.boot.web.servlet.context.ServletWebServerApplicationContext.doClose(ServletWebServerApplicationContext.java:172)
	at org.springframework.context.support.AbstractApplicationContext.close(AbstractApplicationContext.java:1021)
	at org.springframework.boot.admin.SpringApplicationAdminMXBeanRegistrar$SpringApplicationAdmin.shutdown(SpringApplicationAdminMXBeanRegistrar.java:160)
	at java.base/jdk.internal.reflect.NativeMethodAccessorImpl.invoke0(Native Method)
	at java.base/jdk.internal.reflect.NativeMethodAccessorImpl.invoke(NativeMethodAccessorImpl.java:77)
	at java.base/jdk.internal.reflect.DelegatingMethodAccessorImpl.invoke(DelegatingMethodAccessorImpl.java:43)
	at java.base/java.lang.reflect.Method.invoke(Method.java:568)
	at sun.reflect.misc.Trampoline.invoke(MethodUtil.java:72)
	at java.base/jdk.internal.reflect.NativeMethodAccessorImpl.invoke0(Native Method)
	at java.base/jdk.internal.reflect.NativeMethodAccessorImpl.invoke(NativeMethodAccessorImpl.java:77)
	at java.base/jdk.internal.reflect.DelegatingMethodAccessorImpl.invoke(DelegatingMethodAccessorImpl.java:43)
	at java.base/java.lang.reflect.Method.invoke(Method.java:568)
	at java.base/sun.reflect.misc.MethodUtil.invoke(MethodUtil.java:262)
	at java.management/com.sun.jmx.mbeanserver.ConvertingMethod.invokeWithOpenReturn(ConvertingMethod.java:193)
	at java.management/com.sun.jmx.mbeanserver.ConvertingMethod.invokeWithOpenReturn(ConvertingMethod.java:175)
	at java.management/com.sun.jmx.mbeanserver.MXBeanIntrospector.invokeM2(MXBeanIntrospector.java:117)
	at java.management/com.sun.jmx.mbeanserver.MXBeanIntrospector.invokeM2(MXBeanIntrospector.java:54)
	at java.management/com.sun.jmx.mbeanserver.MBeanIntrospector.invokeM(MBeanIntrospector.java:237)
	at java.management/com.sun.jmx.mbeanserver.PerInterface.invoke(PerInterface.java:138)
	at java.management/com.sun.jmx.mbeanserver.MBeanSupport.invoke(MBeanSupport.java:252)
	at java.management/com.sun.jmx.interceptor.DefaultMBeanServerInterceptor.invoke(DefaultMBeanServerInterceptor.java:814)
	at java.management/com.sun.jmx.mbeanserver.JmxMBeanServer.invoke(JmxMBeanServer.java:802)
	at java.management.rmi/javax.management.remote.rmi.RMIConnectionImpl.doOperation(RMIConnectionImpl.java:1472)
	at java.management.rmi/javax.management.remote.rmi.RMIConnectionImpl$PrivilegedOperation.run(RMIConnectionImpl.java:1310)
	at java.management.rmi/javax.management.remote.rmi.RMIConnectionImpl.doPrivilegedOperation(RMIConnectionImpl.java:1405)
	at java.management.rmi/javax.management.remote.rmi.RMIConnectionImpl.invoke(RMIConnectionImpl.java:829)
	at java.base/jdk.internal.reflect.NativeMethodAccessorImpl.invoke0(Native Method)
	at java.base/jdk.internal.reflect.NativeMethodAccessorImpl.invoke(NativeMethodAccessorImpl.java:77)
	at java.base/jdk.internal.reflect.DelegatingMethodAccessorImpl.invoke(DelegatingMethodAccessorImpl.java:43)
	at java.base/java.lang.reflect.Method.invoke(Method.java:568)
	at java.rmi/sun.rmi.server.UnicastServerRef.dispatch(UnicastServerRef.java:360)
	at java.rmi/sun.rmi.transport.Transport$1.run(Transport.java:200)
	at java.rmi/sun.rmi.transport.Transport$1.run(Transport.java:197)
	at java.base/java.security.AccessController.doPrivileged(AccessController.java:712)
	at java.rmi/sun.rmi.transport.Transport.serviceCall(Transport.java:196)
	at java.rmi/sun.rmi.transport.tcp.TCPTransport.handleMessages(TCPTransport.java:587)
	at java.rmi/sun.rmi.transport.tcp.TCPTransport$ConnectionHandler.run0(TCPTransport.java:828)
	at java.rmi/sun.rmi.transport.tcp.TCPTransport$ConnectionHandler.lambda$run$0(TCPTransport.java:705)
	at java.base/java.security.AccessController.doPrivileged(AccessController.java:399)
	at java.rmi/sun.rmi.transport.tcp.TCPTransport$ConnectionHandler.run(TCPTransport.java:704)
	at java.base/java.util.concurrent.ThreadPoolExecutor.runWorker(ThreadPoolExecutor.java:1136)
	at java.base/java.util.concurrent.ThreadPoolExecutor$Worker.run(ThreadPoolExecutor.java:635)
	at java.base/java.lang.Thread.run(Thread.java:833)
2022-04-27 18:50:27,483 INFO  DiscoveryClient:960 - [] Completed shut down of DiscoveryClient
